{"C:\\Users\\Bruno\\Desktop\\devPleno\\semana-01\\lib\\api-dolar.js": {"path":"C:\\Users\\Bruno\\Desktop\\devPleno\\semana-01\\lib\\api-dolar.js","statementMap":{"0":{"start":{"line":1,"column":14},"end":{"line":1,"column":30}},"1":{"start":{"line":3,"column":15},"end":{"line":4,"column":203}},"2":{"start":{"line":4,"column":2},"end":{"line":4,"column":203}},"3":{"start":{"line":6,"column":17},"end":{"line":9,"column":1}},"4":{"start":{"line":7,"column":16},"end":{"line":7,"column":26}},"5":{"start":{"line":8,"column":2},"end":{"line":8,"column":77}},"6":{"start":{"line":11,"column":22},"end":{"line":11,"column":45}},"7":{"start":{"line":11,"column":31},"end":{"line":11,"column":45}},"8":{"start":{"line":12,"column":23},"end":{"line":12,"column":62}},"9":{"start":{"line":12,"column":32},"end":{"line":12,"column":62}},"10":{"start":{"line":13,"column":19},"end":{"line":24,"column":1}},"11":{"start":{"line":13,"column":76},"end":{"line":24,"column":1}},"12":{"start":{"line":14,"column":2},"end":{"line":23,"column":3}},"13":{"start":{"line":15,"column":18},"end":{"line":15,"column":28}},"14":{"start":{"line":16,"column":16},"end":{"line":16,"column":29}},"15":{"start":{"line":17,"column":16},"end":{"line":17,"column":40}},"16":{"start":{"line":18,"column":20},"end":{"line":18,"column":39}},"17":{"start":{"line":19,"column":4},"end":{"line":19,"column":19}},"18":{"start":{"line":21,"column":4},"end":{"line":21,"column":59}},"19":{"start":{"line":22,"column":4},"end":{"line":22,"column":14}},"20":{"start":{"line":26,"column":0},"end":{"line":35,"column":2}}},"fnMap":{"0":{"name":"(anonymous_0)","decl":{"start":{"line":3,"column":15},"end":{"line":3,"column":16}},"loc":{"start":{"line":4,"column":2},"end":{"line":4,"column":203}},"line":4},"1":{"name":"(anonymous_1)","decl":{"start":{"line":6,"column":17},"end":{"line":6,"column":18}},"loc":{"start":{"line":6,"column":23},"end":{"line":9,"column":1}},"line":6},"2":{"name":"(anonymous_2)","decl":{"start":{"line":11,"column":22},"end":{"line":11,"column":23}},"loc":{"start":{"line":11,"column":31},"end":{"line":11,"column":45}},"line":11},"3":{"name":"(anonymous_3)","decl":{"start":{"line":12,"column":23},"end":{"line":12,"column":24}},"loc":{"start":{"line":12,"column":32},"end":{"line":12,"column":62}},"line":12},"4":{"name":"(anonymous_4)","decl":{"start":{"line":13,"column":19},"end":{"line":13,"column":20}},"loc":{"start":{"line":13,"column":76},"end":{"line":24,"column":1}},"line":13},"5":{"name":"(anonymous_5)","decl":{"start":{"line":13,"column":76},"end":{"line":13,"column":77}},"loc":{"start":{"line":13,"column":88},"end":{"line":24,"column":1}},"line":13}},"branchMap":{},"s":{"0":1,"1":1,"2":1,"3":1,"4":1,"5":1,"6":1,"7":1,"8":1,"9":1,"10":1,"11":3,"12":2,"13":2,"14":2,"15":2,"16":1,"17":1,"18":1,"19":1,"20":1},"f":{"0":1,"1":1,"2":1,"3":1,"4":3,"5":2},"b":{},"_coverageSchema":"1a1c01bbd47fc00a2c39e90264f33305004495a9","hash":"c727f85e1c094d47fb96ff89ee54a28e24aeaaf1"}
,"C:\\Users\\Bruno\\Desktop\\devPleno\\semana-01\\lib\\convert.js": {"path":"C:\\Users\\Bruno\\Desktop\\devPleno\\semana-01\\lib\\convert.js","statementMap":{"0":{"start":{"line":1,"column":0},"end":{"line":3,"column":2}},"1":{"start":{"line":2,"column":2},"end":{"line":2,"column":27}},"2":{"start":{"line":5,"column":0},"end":{"line":7,"column":2}},"3":{"start":{"line":6,"column":2},"end":{"line":6,"column":34}}},"fnMap":{"0":{"name":"(anonymous_0)","decl":{"start":{"line":1,"column":18},"end":{"line":1,"column":19}},"loc":{"start":{"line":1,"column":40},"end":{"line":3,"column":1}},"line":1},"1":{"name":"(anonymous_1)","decl":{"start":{"line":5,"column":18},"end":{"line":5,"column":19}},"loc":{"start":{"line":5,"column":29},"end":{"line":7,"column":1}},"line":5}},"branchMap":{},"s":{"0":1,"1":2,"2":1,"3":2},"f":{"0":2,"1":2},"b":{},"_coverageSchema":"1a1c01bbd47fc00a2c39e90264f33305004495a9","hash":"af9ea68da9711cf484e67af4410bfdb07dc5c00d"}
}
